#
# There is insufficient memory for the Java Runtime Environment to continue.
# Native memory allocation (mmap) failed to map 245919744 bytes for committing reserved memory.
# Possible reasons:
#   The system is out of physical RAM or swap space
#   The process is running with CompressedOops enabled, and the Java Heap may be blocking the growth of the native heap
# Possible solutions:
#   Reduce memory load on the system
#   Increase physical memory or swap space
#   Check if swap backing store is full
#   Decrease Java heap size (-Xmx/-Xms)
#   Decrease number of Java threads
#   Decrease Java thread stack sizes (-Xss)
#   Set larger code cache with -XX:ReservedCodeCacheSize=
#   JVM is running with Unscaled Compressed Oops mode in which the Java heap is
#     placed in the first 4GB address space. The Java Heap base address is the
#     maximum limit for the native heap growth. Please use -XX:HeapBaseMinAddress
#     to set the Java Heap base and to place the Java Heap above 4GB virtual address.
# This output file may be truncated or incomplete.
#
#  Out of Memory Error (os_linux.cpp:2893), pid=20932, tid=20937
#
# JRE version: OpenJDK Runtime Environment (11.0.4+11) (build 11.0.4+11-post-Ubuntu-1ubuntu218.04.3)
# Java VM: OpenJDK 64-Bit Server VM (11.0.4+11-post-Ubuntu-1ubuntu218.04.3, mixed mode, sharing, tiered, compressed oops, serial gc, linux-amd64)
# Core dump will be written. Default location: Core dumps may be processed with "/usr/share/apport/apport %p %s %c %d %P" (or dumping to /home/ubuntu/DBpush/core.20932)
#

---------------  S U M M A R Y ------------

Command Line: -Dfile.encoding=UTF8 -ea -Xmx1024m 

Host: Intel(R) Xeon(R) CPU E5-2676 v3 @ 2.40GHz, 1 cores, 983M, Ubuntu 18.04.2 LTS
Time: Mon Sep  2 08:41:43 2019 UTC elapsed time: 14 seconds (0d 0h 0m 14s)

---------------  T H R E A D  ---------------

Current thread (0x0000000005dd7800):  VMThread "VM Thread" [stack: 0x00007f3ee3b1a000,0x00007f3ee3c1a000] [id=20937]

Stack: [0x00007f3ee3b1a000,0x00007f3ee3c1a000],  sp=0x00007f3ee3c181a0,  free space=1016k
Native frames: (J=compiled Java code, A=aot compiled Java code, j=interpreted, Vv=VM code, C=native code)
V  [libjvm.so+0xde4547]
V  [libjvm.so+0xde519b]
V  [libjvm.so+0x6511a5]
V  [libjvm.so+0xbbebe2]
V  [libjvm.so+0xbb5bef]
V  [libjvm.so+0xddbd77]
V  [libjvm.so+0x517261]
V  [libjvm.so+0x517404]
V  [libjvm.so+0xd72977]
V  [libjvm.so+0x517ba9]
V  [libjvm.so+0x7af640]
V  [libjvm.so+0x7b02b8]
V  [libjvm.so+0xde652f]
V  [libjvm.so+0xdeeda8]
V  [libjvm.so+0xdec5e6]
V  [libjvm.so+0xdecaf0]
V  [libjvm.so+0xdecf23]
V  [libjvm.so+0xd7aeea]
V  [libjvm.so+0xbc4a5e]

VM_Operation (0x00007ffe973823b0): GenCollectForAllocation, mode: safepoint, requested by thread 0x0000000002dc5800


---------------  P R O C E S S  ---------------

Threads class SMR info:
_java_thread_list=0x00000000033a1660, length=10, elements={
0x0000000002dc5800, 0x0000000005f98000, 0x0000000005f99000, 0x0000000005f99800,
0x0000000005f9a800, 0x0000000005f9b800, 0x0000000005f9c000, 0x0000000005b45000,
0x0000000005fa1800, 0x000000000603d000
}

Java Threads: ( => current thread )
  0x0000000002dc5800 JavaThread "main" [_thread_blocked, id=20932, stack(0x00007ffe97285000,0x00007ffe97385000)]
  0x0000000005f98000 JavaThread "Reference Handler" daemon [_thread_blocked, id=20938, stack(0x00007f3ee3a17000,0x00007f3ee3b18000)]
  0x0000000005f99000 JavaThread "Finalizer" daemon [_thread_blocked, id=20939, stack(0x00007f3ee3916000,0x00007f3ee3a17000)]
  0x0000000005f99800 JavaThread "Signal Dispatcher" daemon [_thread_blocked, id=20940, stack(0x00007f3ee3815000,0x00007f3ee3916000)]
  0x0000000005f9a800 JavaThread "C2 CompilerThread0" daemon [_thread_blocked, id=20941, stack(0x00007f3ee3714000,0x00007f3ee3815000)]
  0x0000000005f9b800 JavaThread "C1 CompilerThread0" daemon [_thread_blocked, id=20942, stack(0x00007f3ee3613000,0x00007f3ee3714000)]
  0x0000000005f9c000 JavaThread "Sweeper thread" daemon [_thread_blocked, id=20943, stack(0x00007f3ee3512000,0x00007f3ee3613000)]
  0x0000000005b45000 JavaThread "Service Thread" daemon [_thread_blocked, id=20944, stack(0x00007f3ee3411000,0x00007f3ee3512000)]
  0x0000000005fa1800 JavaThread "Common-Cleaner" daemon [_thread_blocked, id=20946, stack(0x00007f3ee320e000,0x00007f3ee330f000)]
  0x000000000603d000 JavaThread "Thread-0" daemon [_thread_blocked, id=20947, stack(0x00007f3ee2ce5000,0x00007f3ee2de6000)]

Other Threads:
=>0x0000000005dd7800 VMThread "VM Thread" [stack: 0x00007f3ee3b1a000,0x00007f3ee3c1a000] [id=20937]
  0x0000000005f9f000 WatcherThread [stack: 0x00007f3ee3311000,0x00007f3ee3411000] [id=20945]

Threads with active compile tasks:

VM state:at safepoint (normal execution)

VM Mutex/Monitor currently owned by a thread:  ([mutex/lock_event])
[0x00000000051f0d60] Threads_lock - owner thread: 0x0000000005dd7800
[0x0000000003f4a0a0] Heap_lock - owner thread: 0x0000000002dc5800

Heap address: 0x00000000c0000000, size: 1024 MB, Compressed Oops mode: 32-bit
Narrow klass base: 0x0000000800000000, Narrow klass shift: 3
Compressed class space size: 1073741824 Address: 0x0000000840000000

Heap:
 def new generation   total 158912K, used 17462K [0x00000000c0000000, 0x00000000cac60000, 0x00000000d5550000)
  eden space 141312K,  12% used [0x00000000c0000000, 0x00000000c110dad0, 0x00000000c8a00000)
  from space 17600K,   0% used [0x00000000c8a00000, 0x00000000c8a00000, 0x00000000c9b30000)
  to   space 17600K,   0% used [0x00000000c9b30000, 0x00000000c9b30000, 0x00000000cac60000)
 tenured generation   total 360232K, used 360232K [0x00000000d5550000, 0x00000000eb51a000, 0x0000000100000000)
   the space 360232K, 100% used [0x00000000d5550000, 0x00000000eb51a000, 0x00000000eb51a000, 0x00000000eb51a000)
 Metaspace       used 1781K, capacity 4867K, committed 5120K, reserved 1056768K
  class space    used 131K, capacity 442K, committed 512K, reserved 1048576K

Card table byte_map: [0x00007f3ee4570000,0x00007f3ee4771000] _byte_map_base: 0x00007f3ee3f70000

Polling page: 0x00007f3f05a39000

Metaspace:

Usage:
  Non-class:      4.32 MB capacity,     1.61 MB ( 37%) used,     2.71 MB ( 63%) free+waste,     2.44 KB ( <1%) overhead. 
      Class:    442.00 KB capacity,   131.48 KB ( 30%) used,   309.09 KB ( 70%) free+waste,     1.44 KB ( <1%) overhead. 
       Both:      4.75 MB capacity,     1.74 MB ( 37%) used,     3.01 MB ( 63%) free+waste,     3.88 KB ( <1%) overhead. 

Virtual space:
  Non-class space:        8.00 MB reserved,       4.50 MB ( 56%) committed 
      Class space:        1.00 GB reserved,     512.00 KB ( <1%) committed 
             Both:        1.01 GB reserved,       5.00 MB ( <1%) committed 

Chunk freelists:
   Non-Class:  15.00 KB
       Class:  6.00 KB
        Both:  21.00 KB

CodeHeap 'non-profiled nmethods': size=120036Kb used=827Kb max_used=827Kb free=119208Kb
 bounds [0x00007f3eec40e000, 0x00007f3eec67e000, 0x00007f3ef3947000]
CodeHeap 'profiled nmethods': size=120032Kb used=1568Kb max_used=1568Kb free=118463Kb
 bounds [0x00007f3ee4ed6000, 0x00007f3ee5146000, 0x00007f3eec40e000]
CodeHeap 'non-nmethods': size=5692Kb used=1049Kb max_used=1090Kb free=4642Kb
 bounds [0x00007f3ee4947000, 0x00007f3ee4bb7000, 0x00007f3ee4ed6000]
 total_blobs=1625 nmethods=870 adapters=253
 compilation: enabled
              stopped_count=0, restarted_count=0
 full_count=0

Compilation events (10 events):
Event: 12.592 Thread 0x0000000005f9a800  886   !   4       java.util.zip.Inflater::needsInput (55 bytes)
Event: 12.594 Thread 0x0000000005f9a800 nmethod 886 0x00007f3eec4d9410 code [0x00007f3eec4d95c0, 0x00007f3eec4d9968]
Event: 12.594 Thread 0x0000000005f9a800  887   !   4       java.util.zip.Inflater::setInput (69 bytes)
Event: 12.600 Thread 0x0000000005f9a800 nmethod 887 0x00007f3eec4d9a90 code [0x00007f3eec4d9c40, 0x00007f3eec4d9f38]
Event: 12.600 Thread 0x0000000005f9a800  888       4       java.util.zip.InflaterInputStream::fill (60 bytes)
Event: 12.604 Thread 0x0000000005f9a800 nmethod 888 0x00007f3eec4da090 code [0x00007f3eec4da240, 0x00007f3eec4da608]
Event: 12.604 Thread 0x0000000005f9a800  889       4       java.io.BufferedInputStream::fill (236 bytes)
Event: 12.632 Thread 0x0000000005f9a800 nmethod 889 0x00007f3eec4da890 code [0x00007f3eec4daac0, 0x00007f3eec4dbb88]
Event: 12.642 Thread 0x0000000005f9a800  890       4       java.util.zip.InflaterInputStream::available (32 bytes)
Event: 12.643 Thread 0x0000000005f9a800 nmethod 890 0x00007f3eec4dc790 code [0x00007f3eec4dc940, 0x00007f3eec4dcc18]

GC Heap History (10 events):
Event: 2.276 GC heap after
{Heap after GC invocations=12 (full 5):
 def new generation   total 88896K, used 5186K [0x00000000c0000000, 0x00000000c6070000, 0x00000000d5550000)
  eden space 79040K,   6% used [0x00000000c0000000, 0x00000000c0510990, 0x00000000c4d30000)
  from space 9856K,   0% used [0x00000000c4d30000, 0x00000000c4d30000, 0x00000000c56d0000)
  to   space 9856K,   0% used [0x00000000c56d0000, 0x00000000c56d0000, 0x00000000c6070000)
 tenured generation   total 197460K, used 118476K [0x00000000d5550000, 0x00000000e1625000, 0x0000000100000000)
   the space 197460K,  60% used [0x00000000d5550000, 0x00000000dc903000, 0x00000000dc903000, 0x00000000e1625000)
 Metaspace       used 1416K, capacity 4709K, committed 4864K, reserved 1056768K
  class space    used 110K, capacity 436K, committed 512K, reserved 1048576K
}
Event: 2.429 GC heap before
{Heap before GC invocations=12 (full 5):
 def new generation   total 88896K, used 74532K [0x00000000c0000000, 0x00000000c6070000, 0x00000000d5550000)
  eden space 79040K,  94% used [0x00000000c0000000, 0x00000000c48c9298, 0x00000000c4d30000)
  from space 9856K,   0% used [0x00000000c4d30000, 0x00000000c4d30000, 0x00000000c56d0000)
  to   space 9856K,   0% used [0x00000000c56d0000, 0x00000000c56d0000, 0x00000000c6070000)
 tenured generation   total 197460K, used 118476K [0x00000000d5550000, 0x00000000e1625000, 0x0000000100000000)
   the space 197460K,  60% used [0x00000000d5550000, 0x00000000dc903000, 0x00000000dc903000, 0x00000000e1625000)
 Metaspace       used 1416K, capacity 4709K, committed 4864K, reserved 1056768K
  class space    used 110K, capacity 436K, committed 512K, reserved 1048576K
}
Event: 2.635 GC heap after
{Heap after GC invocations=13 (full 5):
 def new generation   total 88896K, used 9855K [0x00000000c0000000, 0x00000000c6070000, 0x00000000d5550000)
  eden space 79040K,   0% used [0x00000000c0000000, 0x00000000c0000000, 0x00000000c4d30000)
  from space 9856K,  99% used [0x00000000c56d0000, 0x00000000c606fff0, 0x00000000c6070000)
  to   space 9856K,   0% used [0x00000000c4d30000, 0x00000000c4d30000, 0x00000000c56d0000)
 tenured generation   total 197460K, used 160702K [0x00000000d5550000, 0x00000000e1625000, 0x0000000100000000)
   the space 197460K,  81% used [0x00000000d5550000, 0x00000000df23fa68, 0x00000000df23fc00, 0x00000000e1625000)
 Metaspace       used 1416K, capacity 4709K, committed 4864K, reserved 1056768K
  class space    used 110K, capacity 436K, committed 512K, reserved 1048576K
}
Event: 4.029 GC heap before
{Heap before GC invocations=13 (full 5):
 def new generation   total 88896K, used 88895K [0x00000000c0000000, 0x00000000c6070000, 0x00000000d5550000)
  eden space 79040K, 100% used [0x00000000c0000000, 0x00000000c4d30000, 0x00000000c4d30000)
  from space 9856K,  99% used [0x00000000c56d0000, 0x00000000c606fff0, 0x00000000c6070000)
  to   space 9856K,   0% used [0x00000000c4d30000, 0x00000000c4d30000, 0x00000000c56d0000)
 tenured generation   total 197460K, used 160702K [0x00000000d5550000, 0x00000000e1625000, 0x0000000100000000)
   the space 197460K,  81% used [0x00000000d5550000, 0x00000000df23fa68, 0x00000000df23fc00, 0x00000000e1625000)
 Metaspace       used 1470K, capacity 4733K, committed 4864K, reserved 1056768K
  class space    used 115K, capacity 440K, committed 512K, reserved 1048576K
}
Event: 4.151 GC heap after
{Heap after GC invocations=14 (full 5):
 def new generation   total 88896K, used 9856K [0x00000000c0000000, 0x00000000c6070000, 0x00000000d5550000)
  eden space 79040K,   0% used [0x00000000c0000000, 0x00000000c0000000, 0x00000000c4d30000)
  from space 9856K, 100% used [0x00000000c4d30000, 0x00000000c56d0000, 0x00000000c56d0000)
  to   space 9856K,   0% used [0x00000000c56d0000, 0x00000000c56d0000, 0x00000000c6070000)
 tenured generation   total 197460K, used 187652K [0x00000000d5550000, 0x00000000e1625000, 0x0000000100000000)
   the space 197460K,  95% used [0x00000000d5550000, 0x00000000e0c91278, 0x00000000e0c91400, 0x00000000e1625000)
 Metaspace       used 1470K, capacity 4733K, committed 4864K, reserved 1056768K
  class space    used 115K, capacity 440K, committed 512K, reserved 1048576K
}
Event: 4.787 GC heap before
{Heap before GC invocations=14 (full 5):
 def new generation   total 88896K, used 88896K [0x00000000c0000000, 0x00000000c6070000, 0x00000000d5550000)
  eden space 79040K, 100% used [0x00000000c0000000, 0x00000000c4d30000, 0x00000000c4d30000)
  from space 9856K, 100% used [0x00000000c4d30000, 0x00000000c56d0000, 0x00000000c56d0000)
  to   space 9856K,   0% used [0x00000000c56d0000, 0x00000000c56d0000, 0x00000000c6070000)
 tenured generation   total 197460K, used 187652K [0x00000000d5550000, 0x00000000e1625000, 0x0000000100000000)
   the space 197460K,  95% used [0x00000000d5550000, 0x00000000e0c91278, 0x00000000e0c91400, 0x00000000e1625000)
 Metaspace       used 1523K, capacity 4733K, committed 4864K, reserved 1056768K
  class space    used 115K, capacity 440K, committed 512K, reserved 1048576K
}
Event: 5.737 GC heap after
{Heap after GC invocations=15 (full 6):
 def new generation   total 158912K, used 0K [0x00000000c0000000, 0x00000000cac60000, 0x00000000d5550000)
  eden space 141312K,   0% used [0x00000000c0000000, 0x00000000c0000000, 0x00000000c8a00000)
  from space 17600K,   0% used [0x00000000c8a00000, 0x00000000c8a00000, 0x00000000c9b30000)
  to   space 17600K,   0% used [0x00000000c9b30000, 0x00000000c9b30000, 0x00000000cac60000)
 tenured generation   total 352936K, used 211761K [0x00000000d5550000, 0x00000000eadfa000, 0x0000000100000000)
   the space 352936K,  59% used [0x00000000d5550000, 0x00000000e241c610, 0x00000000e241c800, 0x00000000eadfa000)
 Metaspace       used 1523K, capacity 4733K, committed 4864K, reserved 1056768K
  class space    used 115K, capacity 440K, committed 512K, reserved 1048576K
}
Event: 11.948 GC heap before
{Heap before GC invocations=15 (full 6):
 def new generation   total 158912K, used 141312K [0x00000000c0000000, 0x00000000cac60000, 0x00000000d5550000)
  eden space 141312K, 100% used [0x00000000c0000000, 0x00000000c8a00000, 0x00000000c8a00000)
  from space 17600K,   0% used [0x00000000c8a00000, 0x00000000c8a00000, 0x00000000c9b30000)
  to   space 17600K,   0% used [0x00000000c9b30000, 0x00000000c9b30000, 0x00000000cac60000)
 tenured generation   total 352936K, used 211761K [0x00000000d5550000, 0x00000000eadfa000, 0x0000000100000000)
   the space 352936K,  59% used [0x00000000d5550000, 0x00000000e241c610, 0x00000000e241c800, 0x00000000eadfa000)
 Metaspace       used 1781K, capacity 4867K, committed 5120K, reserved 1056768K
  class space    used 131K, capacity 442K, committed 512K, reserved 1048576K
}
Event: 12.303 GC heap after
{Heap after GC invocations=16 (full 6):
 def new generation   total 158912K, used 17599K [0x00000000c0000000, 0x00000000cac60000, 0x00000000d5550000)
  eden space 141312K,   0% used [0x00000000c0000000, 0x00000000c0000000, 0x00000000c8a00000)
  from space 17600K,  99% used [0x00000000c9b30000, 0x00000000cac5fff0, 0x00000000cac60000)
  to   space 17600K,   0% used [0x00000000c8a00000, 0x00000000c8a00000, 0x00000000c9b30000)
 tenured generation   total 352936K, used 274607K [0x00000000d5550000, 0x00000000eadfa000, 0x0000000100000000)
   the space 352936K,  77% used [0x00000000d5550000, 0x00000000e617bfd0, 0x00000000e617c000, 0x00000000eadfa000)
 Metaspace       used 1781K, capacity 4867K, committed 5120K, reserved 1056768K
  class space    used 131K, capacity 442K, committed 512K, reserved 1048576K
}
Event: 12.731 GC heap before
{Heap before GC invocations=16 (full 6):
 def new generation   total 158912K, used 158911K [0x00000000c0000000, 0x00000000cac60000, 0x00000000d5550000)
  eden space 141312K, 100% used [0x00000000c0000000, 0x00000000c8a00000, 0x00000000c8a00000)
  from space 17600K,  99% used [0x00000000c9b30000, 0x00000000cac5fff0, 0x00000000cac60000)
  to   space 17600K,   0% used [0x00000000c8a00000, 0x00000000c8a00000, 0x00000000c9b30000)
 tenured generation   total 352936K, used 274607K [0x00000000d5550000, 0x00000000eadfa000, 0x0000000100000000)
   the space 352936K,  77% used [0x00000000d5550000, 0x00000000e617bfd0, 0x00000000e617c000, 0x00000000eadfa000)
 Metaspace       used 1781K, capacity 4867K, committed 5120K, reserved 1056768K
  class space    used 131K, capacity 442K, committed 512K, reserved 1048576K
}

Deoptimization events (10 events):
Event: 5.765 Thread 0x0000000002dc5800 DEOPT PACKING pc=0x00007f3eec48bc68 sp=0x00007ffe97382c60
Event: 5.765 Thread 0x0000000002dc5800 DEOPT UNPACKING pc=0x00007f3ee496f3a5 sp=0x00007ffe97382c08 mode 2
Event: 6.804 Thread 0x0000000002dc5800 Uncommon trap: trap_request=0xffffff4d fr.pc=0x00007f3eec4a2ed8 relative=0x0000000000000778
Event: 6.804 Thread 0x0000000002dc5800 Uncommon trap: reason=unstable_if action=reinterpret pc=0x00007f3eec4a2ed8 method=java.lang.StringUTF16.newString([BII)Ljava/lang/String; @ 14 c2
Event: 6.804 Thread 0x0000000002dc5800 DEOPT PACKING pc=0x00007f3eec4a2ed8 sp=0x00007ffe97382e10
Event: 6.804 Thread 0x0000000002dc5800 DEOPT UNPACKING pc=0x00007f3ee496f3a5 sp=0x00007ffe97382d80 mode 2
Event: 11.290 Thread 0x0000000002dc5800 Uncommon trap: trap_request=0xffffff4d fr.pc=0x00007f3eec492b7c relative=0x0000000000000dbc
Event: 11.290 Thread 0x0000000002dc5800 Uncommon trap: reason=unstable_if action=reinterpret pc=0x00007f3eec492b7c method=java.io.BufferedReader.readLine(Z)Ljava/lang/String; @ 22 c2
Event: 11.290 Thread 0x0000000002dc5800 DEOPT PACKING pc=0x00007f3eec492b7c sp=0x00007ffe973829b0
Event: 11.290 Thread 0x0000000002dc5800 DEOPT UNPACKING pc=0x00007f3ee496f3a5 sp=0x00007ffe97382910 mode 2

Classes redefined (0 events):
No events

Internal exceptions (6 events):
Event: 0.161 Thread 0x0000000002dc5800 Exception <a 'java/security/PrivilegedActionException'{0x00000000c0120e58}> (0x00000000c0120e58) thrown at [/build/openjdk-lts-7bqZff/openjdk-lts-11.0.4+11/src/hotspot/share/prims/jvm.cpp, line 1300]
Event: 0.161 Thread 0x0000000002dc5800 Exception <a 'java/security/PrivilegedActionException'{0x00000000c0121128}> (0x00000000c0121128) thrown at [/build/openjdk-lts-7bqZff/openjdk-lts-11.0.4+11/src/hotspot/share/prims/jvm.cpp, line 1300]
Event: 0.186 Thread 0x0000000002dc5800 Exception <a 'java/security/PrivilegedActionException'{0x00000000c01d66c8}> (0x00000000c01d66c8) thrown at [/build/openjdk-lts-7bqZff/openjdk-lts-11.0.4+11/src/hotspot/share/prims/jvm.cpp, line 1300]
Event: 0.186 Thread 0x0000000002dc5800 Exception <a 'java/security/PrivilegedActionException'{0x00000000c01d6998}> (0x00000000c01d6998) thrown at [/build/openjdk-lts-7bqZff/openjdk-lts-11.0.4+11/src/hotspot/share/prims/jvm.cpp, line 1300]
Event: 4.300 Thread 0x0000000002dc5800 Implicit null exception at 0x00007f3eec47e70b to 0x00007f3eec47e73a
Event: 4.300 Thread 0x0000000002dc5800 Implicit null exception at 0x00007f3eec47eb1f to 0x00007f3eec47eb5e

Events (10 events):
Event: 5.759 loading class java/util/ArrayList$ListItr done
Event: 5.764 loading class java/lang/CharacterData00
Event: 5.764 loading class java/lang/CharacterData00 done
Event: 11.244 loading class java/util/ArrayList$SubList$1
Event: 11.244 loading class java/util/ArrayList$SubList$1 done
Event: 11.290 Executing VM operation: RevokeBias
Event: 11.290 Executing VM operation: RevokeBias done
Event: 11.943 Executing VM operation: GenCollectForAllocation
Event: 12.308 Executing VM operation: GenCollectForAllocation done
Event: 12.731 Executing VM operation: GenCollectForAllocation


Dynamic libraries:
00400000-007bf000 r-xp 00000000 ca:01 4344                               /usr/bin/python3.6
009be000-009bf000 r--p 003be000 ca:01 4344                               /usr/bin/python3.6
009bf000-00a5c000 rw-p 003bf000 ca:01 4344                               /usr/bin/python3.6
00a5c000-00a90000 rw-p 00000000 00:00 0 
02858000-0608f000 rw-p 00000000 00:00 0                                  [heap]
c0000000-cac60000 rw-p 00000000 00:00 0 
cac60000-d5550000 ---p 00000000 00:00 0 
d5550000-eb51a000 rw-p 00000000 00:00 0 
f9fa1000-100000000 ---p 00000000 00:00 0 
800000000-800002000 rwxp 00001000 ca:01 260526                           /usr/lib/jvm/java-11-openjdk-amd64/lib/server/classes.jsa
800002000-8003bd000 rw-p 00003000 ca:01 260526                           /usr/lib/jvm/java-11-openjdk-amd64/lib/server/classes.jsa
8003bd000-800a8a000 r--p 003be000 ca:01 260526                           /usr/lib/jvm/java-11-openjdk-amd64/lib/server/classes.jsa
800a8a000-800a8b000 rw-p 00a8b000 ca:01 260526                           /usr/lib/jvm/java-11-openjdk-amd64/lib/server/classes.jsa
800a8b000-80109d000 r--p 00a8c000 ca:01 260526                           /usr/lib/jvm/java-11-openjdk-amd64/lib/server/classes.jsa
840000000-840080000 rw-p 00000000 00:00 0 
840080000-880000000 ---p 00000000 00:00 0 
7f3ebc000000-7f3ebc021000 rw-p 00000000 00:00 0 
7f3ebc021000-7f3ec0000000 ---p 00000000 00:00 0 
7f3ec4000000-7f3ec427e000 rw-p 00000000 00:00 0 
7f3ec427e000-7f3ec8000000 ---p 00000000 00:00 0 
7f3ec8000000-7f3ec8021000 rw-p 00000000 00:00 0 
7f3ec8021000-7f3ecc000000 ---p 00000000 00:00 0 
7f3ecc000000-7f3ecc021000 rw-p 00000000 00:00 0 
7f3ecc021000-7f3ed0000000 ---p 00000000 00:00 0 
7f3ed0000000-7f3ed16ec000 rw-p 00000000 00:00 0 
7f3ed16ec000-7f3ed4000000 ---p 00000000 00:00 0 
7f3ed4000000-7f3ed4021000 rw-p 00000000 00:00 0 
7f3ed4021000-7f3ed8000000 ---p 00000000 00:00 0 
7f3ed8000000-7f3ed8021000 rw-p 00000000 00:00 0 
7f3ed8021000-7f3edc000000 ---p 00000000 00:00 0 
7f3edc000000-7f3edc181000 rw-p 00000000 00:00 0 
7f3edc181000-7f3ee0000000 ---p 00000000 00:00 0 
7f3ee28a5000-7f3ee2ce5000 rw-p 00000000 00:00 0 
7f3ee2ce5000-7f3ee2ce9000 ---p 00000000 00:00 0 
7f3ee2ce9000-7f3ee2de6000 rw-p 00000000 00:00 0 
7f3ee2de6000-7f3ee2dfc000 r-xp 00000000 ca:01 261492                     /usr/lib/jvm/java-11-openjdk-amd64/lib/libnet.so
7f3ee2dfc000-7f3ee2ffb000 ---p 00016000 ca:01 261492                     /usr/lib/jvm/java-11-openjdk-amd64/lib/libnet.so
7f3ee2ffb000-7f3ee2ffc000 r--p 00015000 ca:01 261492                     /usr/lib/jvm/java-11-openjdk-amd64/lib/libnet.so
7f3ee2ffc000-7f3ee2ffd000 rw-p 00016000 ca:01 261492                     /usr/lib/jvm/java-11-openjdk-amd64/lib/libnet.so
7f3ee2ffd000-7f3ee300d000 r-xp 00000000 ca:01 261493                     /usr/lib/jvm/java-11-openjdk-amd64/lib/libnio.so
7f3ee300d000-7f3ee320c000 ---p 00010000 ca:01 261493                     /usr/lib/jvm/java-11-openjdk-amd64/lib/libnio.so
7f3ee320c000-7f3ee320d000 r--p 0000f000 ca:01 261493                     /usr/lib/jvm/java-11-openjdk-amd64/lib/libnio.so
7f3ee320d000-7f3ee320e000 rw-p 00010000 ca:01 261493                     /usr/lib/jvm/java-11-openjdk-amd64/lib/libnio.so
7f3ee320e000-7f3ee3212000 ---p 00000000 00:00 0 
7f3ee3212000-7f3ee330f000 rw-p 00000000 00:00 0 
7f3ee330f000-7f3ee3310000 ---p 00000000 00:00 0 
7f3ee3310000-7f3ee3411000 rw-p 00000000 00:00 0 
7f3ee3411000-7f3ee3415000 ---p 00000000 00:00 0 
7f3ee3415000-7f3ee3512000 rw-p 00000000 00:00 0 
7f3ee3512000-7f3ee3516000 ---p 00000000 00:00 0 
7f3ee3516000-7f3ee3613000 rw-p 00000000 00:00 0 
7f3ee3613000-7f3ee3617000 ---p 00000000 00:00 0 
7f3ee3617000-7f3ee3714000 rw-p 00000000 00:00 0 
7f3ee3714000-7f3ee3718000 ---p 00000000 00:00 0 
7f3ee3718000-7f3ee3815000 rw-p 00000000 00:00 0 
7f3ee3815000-7f3ee3819000 ---p 00000000 00:00 0 
7f3ee3819000-7f3ee3916000 rw-p 00000000 00:00 0 
7f3ee3916000-7f3ee391a000 ---p 00000000 00:00 0 
7f3ee391a000-7f3ee3a17000 rw-p 00000000 00:00 0 
7f3ee3a17000-7f3ee3a1b000 ---p 00000000 00:00 0 
7f3ee3a1b000-7f3ee3b18000 rw-p 00000000 00:00 0 
7f3ee3b18000-7f3ee3b19000 ---p 00000000 00:00 0 
7f3ee3b19000-7f3ee409a000 rw-p 00000000 00:00 0 
7f3ee409a000-7f3ee441a000 ---p 00000000 00:00 0 
7f3ee441a000-7f3ee44ca000 rw-p 00000000 00:00 0 
7f3ee44ca000-7f3ee4570000 ---p 00000000 00:00 0 
7f3ee4570000-7f3ee45c7000 rw-p 00000000 00:00 0 
7f3ee45c7000-7f3ee461a000 ---p 00000000 00:00 0 
7f3ee461a000-7f3ee46cb000 rw-p 00000000 00:00 0 
7f3ee46cb000-7f3ee4770000 ---p 00000000 00:00 0 
7f3ee4770000-7f3ee4776000 rw-p 00000000 00:00 0 
7f3ee4776000-7f3ee485c000 ---p 00000000 00:00 0 
7f3ee485c000-7f3ee4861000 rw-p 00000000 00:00 0 
7f3ee4861000-7f3ee4947000 ---p 00000000 00:00 0 
7f3ee4947000-7f3ee4bb7000 rwxp 00000000 00:00 0 
7f3ee4bb7000-7f3ee4ed6000 ---p 00000000 00:00 0 
7f3ee4ed6000-7f3ee5146000 rwxp 00000000 00:00 0 
7f3ee5146000-7f3eec40e000 ---p 00000000 00:00 0 
7f3eec40e000-7f3eec67e000 rwxp 00000000 00:00 0 
7f3eec67e000-7f3ef3947000 ---p 00000000 00:00 0 
7f3ef3947000-7f3efbff1000 r--s 00000000 ca:01 261502                     /usr/lib/jvm/java-11-openjdk-amd64/lib/modules
7f3efbff1000-7f3efbff6000 r-xp 00000000 ca:01 261484                     /usr/lib/jvm/java-11-openjdk-amd64/lib/libjimage.so
7f3efbff6000-7f3efc1f5000 ---p 00005000 ca:01 261484                     /usr/lib/jvm/java-11-openjdk-amd64/lib/libjimage.so
7f3efc1f5000-7f3efc1f6000 r--p 00004000 ca:01 261484                     /usr/lib/jvm/java-11-openjdk-amd64/lib/libjimage.so
7f3efc1f6000-7f3efc1f7000 rw-p 00005000 ca:01 261484                     /usr/lib/jvm/java-11-openjdk-amd64/lib/libjimage.so
7f3efc1f7000-7f3efc1fe000 r-xp 00000000 ca:01 261501                     /usr/lib/jvm/java-11-openjdk-amd64/lib/libzip.so
7f3efc1fe000-7f3efc3fd000 ---p 00007000 ca:01 261501                     /usr/lib/jvm/java-11-openjdk-amd64/lib/libzip.so
7f3efc3fd000-7f3efc3fe000 r--p 00006000 ca:01 261501                     /usr/lib/jvm/java-11-openjdk-amd64/lib/libzip.so
7f3efc3fe000-7f3efc3ff000 rw-p 00007000 ca:01 261501                     /usr/lib/jvm/java-11-openjdk-amd64/lib/libzip.so
7f3efc3ff000-7f3efc416000 r-xp 00000000 ca:01 2090                       /lib/x86_64-linux-gnu/libnsl-2.27.so
7f3efc416000-7f3efc615000 ---p 00017000 ca:01 2090                       /lib/x86_64-linux-gnu/libnsl-2.27.so
7f3efc615000-7f3efc616000 r--p 00016000 ca:01 2090                       /lib/x86_64-linux-gnu/libnsl-2.27.so
7f3efc616000-7f3efc617000 rw-p 00017000 ca:01 2090                       /lib/x86_64-linux-gnu/libnsl-2.27.so
7f3efc617000-7f3efc619000 rw-p 00000000 00:00 0 
7f3efc619000-7f3efc624000 r-xp 00000000 ca:01 2095                       /lib/x86_64-linux-gnu/libnss_nis-2.27.so
7f3efc624000-7f3efc823000 ---p 0000b000 ca:01 2095                       /lib/x86_64-linux-gnu/libnss_nis-2.27.so
7f3efc823000-7f3efc824000 r--p 0000a000 ca:01 2095                       /lib/x86_64-linux-gnu/libnss_nis-2.27.so
7f3efc824000-7f3efc825000 rw-p 0000b000 ca:01 2095                       /lib/x86_64-linux-gnu/libnss_nis-2.27.so
7f3efc825000-7f3efc82d000 r-xp 00000000 ca:01 2091                       /lib/x86_64-linux-gnu/libnss_compat-2.27.so
7f3efc82d000-7f3efca2d000 ---p 00008000 ca:01 2091                       /lib/x86_64-linux-gnu/libnss_compat-2.27.so
7f3efca2d000-7f3efca2e000 r--p 00008000 ca:01 2091                       /lib/x86_64-linux-gnu/libnss_compat-2.27.so
7f3efca2e000-7f3efca2f000 rw-p 00009000 ca:01 2091                       /lib/x86_64-linux-gnu/libnss_compat-2.27.so
7f3efca2f000-7f3efca58000 r-xp 00000000 ca:01 261480                     /usr/lib/jvm/java-11-openjdk-amd64/lib/libjava.so
7f3efca58000-7f3efcc57000 ---p 00029000 ca:01 261480                     /usr/lib/jvm/java-11-openjdk-amd64/lib/libjava.so
7f3efcc57000-7f3efcc58000 r--p 00028000 ca:01 261480                     /usr/lib/jvm/java-11-openjdk-amd64/lib/libjava.so
7f3efcc58000-7f3efcc5a000 rw-p 00029000 ca:01 261480                     /usr/lib/jvm/java-11-openjdk-amd64/lib/libjava.so
7f3efcc5a000-7f3efcc67000 r-xp 00000000 ca:01 261500                     /usr/lib/jvm/java-11-openjdk-amd64/lib/libverify.so
7f3efcc67000-7f3efce66000 ---p 0000d000 ca:01 261500                     /usr/lib/jvm/java-11-openjdk-amd64/lib/libverify.so
7f3efce66000-7f3efce68000 r--p 0000c000 ca:01 261500                     /usr/lib/jvm/java-11-openjdk-amd64/lib/libverify.so
7f3efce68000-7f3efce69000 rw-p 0000e000 ca:01 261500                     /usr/lib/jvm/java-11-openjdk-amd64/lib/libverify.so
7f3efce69000-7f3efce70000 r-xp 00000000 ca:01 2180                       /lib/x86_64-linux-gnu/librt-2.27.so
7f3efce70000-7f3efd06f000 ---p 00007000 ca:01 2180                       /lib/x86_64-linux-gnu/librt-2.27.so
7f3efd06f000-7f3efd070000 r--p 00006000 ca:01 2180                       /lib/x86_64-linux-gnu/librt-2.27.so
7f3efd070000-7f3efd071000 rw-p 00007000 ca:01 2180                       /lib/x86_64-linux-gnu/librt-2.27.so
7f3efd071000-7f3efe13d000 r-xp 00000000 ca:01 261507                     /usr/lib/jvm/java-11-openjdk-amd64/lib/server/libjvm.so
7f3efe13d000-7f3efe33c000 ---p 010cc000 ca:01 261507                     /usr/lib/jvm/java-11-openjdk-amd64/lib/server/libjvm.so
7f3efe33c000-7f3efe3f9000 r--p 010cb000 ca:01 261507                     /usr/lib/jvm/java-11-openjdk-amd64/lib/server/libjvm.so
7f3efe3f9000-7f3efe432000 rw-p 01188000 ca:01 261507                     /usr/lib/jvm/java-11-openjdk-amd64/lib/server/libjvm.so
7f3efe432000-7f3eff309000 rw-p 00000000 00:00 0 
7f3eff309000-7f3eff320000 r-xp 00000000 ca:01 2179                       /lib/x86_64-linux-gnu/libresolv-2.27.so
7f3eff320000-7f3eff520000 ---p 00017000 ca:01 2179                       /lib/x86_64-linux-gnu/libresolv-2.27.so
7f3eff520000-7f3eff521000 r--p 00017000 ca:01 2179                       /lib/x86_64-linux-gnu/libresolv-2.27.so
7f3eff521000-7f3eff522000 rw-p 00018000 ca:01 2179                       /lib/x86_64-linux-gnu/libresolv-2.27.so
7f3eff522000-7f3eff524000 rw-p 00000000 00:00 0 
7f3eff524000-7f3eff529000 r-xp 00000000 ca:01 2092                       /lib/x86_64-linux-gnu/libnss_dns-2.27.so
7f3eff529000-7f3eff729000 ---p 00005000 ca:01 2092                       /lib/x86_64-linux-gnu/libnss_dns-2.27.so
7f3eff729000-7f3eff72a000 r--p 00005000 ca:01 2092                       /lib/x86_64-linux-gnu/libnss_dns-2.27.so
7f3eff72a000-7f3eff72b000 rw-p 00006000 ca:01 2092                       /lib/x86_64-linux-gnu/libnss_dns-2.27.so
7f3eff72b000-7f3eff736000 r-xp 00000000 ca:01 2093                       /lib/x86_64-linux-gnu/libnss_files-2.27.so
7f3eff736000-7f3eff935000 ---p 0000b000 ca:01 2093                       /lib/x86_64-linux-gnu/libnss_files-2.27.so
7f3eff935000-7f3eff936000 r--p 0000a000 ca:01 2093                       /lib/x86_64-linux-gnu/libnss_files-2.27.so
7f3eff936000-7f3eff937000 rw-p 0000b000 ca:01 2093                       /lib/x86_64-linux-gnu/libnss_files-2.27.so
7f3eff937000-7f3effa3d000 rw-p 00000000 00:00 0 
7f3effa3d000-7f3effa40000 r-xp 00000000 ca:01 7172                       /usr/lib/python3.6/lib-dynload/_multiprocessing.cpython-36m-x86_64-linux-gnu.so
7f3effa40000-7f3effc3f000 ---p 00003000 ca:01 7172                       /usr/lib/python3.6/lib-dynload/_multiprocessing.cpython-36m-x86_64-linux-gnu.so
7f3effc3f000-7f3effc40000 r--p 00002000 ca:01 7172                       /usr/lib/python3.6/lib-dynload/_multiprocessing.cpython-36m-x86_64-linux-gnu.so
7f3effc40000-7f3effc41000 rw-p 00003000 ca:01 7172                       /usr/lib/python3.6/lib-dynload/_multiprocessing.cpython-36m-x86_64-linux-gnu.so
7f3effc41000-7f3effd81000 rw-p 00000000 00:00 0 
7f3effd9f000-7f3f0005f000 rw-p 00000000 00:00 0 
7f3f0005f000-7f3f00076000 r-xp 00000000 ca:01 2096                       /lib/x86_64-linux-gnu/libgcc_s.so.1
7f3f00076000-7f3f00275000 ---p 00017000 ca:01 2096                       /lib/x86_64-linux-gnu/libgcc_s.so.1
7f3f00275000-7f3f00276000 r--p 00016000 ca:01 2096                       /lib/x86_64-linux-gnu/libgcc_s.so.1
7f3f00276000-7f3f00277000 rw-p 00017000 ca:01 2096                       /lib/x86_64-linux-gnu/libgcc_s.so.1
7f3f00277000-7f3f003f0000 r-xp 00000000 ca:01 5024                       /usr/lib/x86_64-linux-gnu/libstdc++.so.6.0.25
7f3f003f0000-7f3f005f0000 ---p 00179000 ca:01 5024                       /usr/lib/x86_64-linux-gnu/libstdc++.so.6.0.25
7f3f005f0000-7f3f005fa000 r--p 00179000 ca:01 5024                       /usr/lib/x86_64-linux-gnu/libstdc++.so.6.0.25
7f3f005fa000-7f3f005fc000 rw-p 00183000 ca:01 5024                       /usr/lib/x86_64-linux-gnu/libstdc++.so.6.0.25
7f3f005fc000-7f3f00600000 rw-p 00000000 00:00 0 
7f3f00600000-7f3f00672000 r-xp 00000000 ca:01 260720                     /home/ubuntu/.local/lib/python3.6/site-packages/_jpype.cpython-36m-x86_64-linux-gnu.so
7f3f00672000-7f3f00872000 ---p 00072000 ca:01 260720                     /home/ubuntu/.local/lib/python3.6/site-packages/_jpype.cpython-36m-x86_64-linux-gnu.so
7f3f00872000-7f3f00874000 r--p 00072000 ca:01 260720                     /home/ubuntu/.local/lib/python3.6/site-packages/_jpype.cpython-36m-x86_64-linux-gnu.so
7f3f00874000-7f3f00879000 rw-p 00074000 ca:01 260720                     /home/ubuntu/.local/lib/python3.6/site-packages/_jpype.cpython-36m-x86_64-linux-gnu.so
7f3f00879000-7f3f008f9000 rw-p 00000000 00:00 0 
7f3f008f9000-7f3f008ff000 r-xp 00000000 ca:01 260413                     /home/ubuntu/.local/lib/python3.6/site-packages/jellyfish/cjellyfish.cpython-36m-x86_64-linux-gnu.so
7f3f008ff000-7f3f00afe000 ---p 00006000 ca:01 260413                     /home/ubuntu/.local/lib/python3.6/site-packages/jellyfish/cjellyfish.cpython-36m-x86_64-linux-gnu.so
7f3f00afe000-7f3f00aff000 r--p 00005000 ca:01 260413                     /home/ubuntu/.local/lib/python3.6/site-packages/jellyfish/cjellyfish.cpython-36m-x86_64-linux-gnu.so
7f3f00aff000-7f3f00b00000 rw-p 00006000 ca:01 260413                     /home/ubuntu/.local/lib/python3.6/site-packages/jellyfish/cjellyfish.cpython-36m-x86_64-linux-gnu.so
7f3f00b00000-7f3f00f81000 rw-p 00000000 00:00 0 
7f3f00f81000-7f3f0104b000 r-xp 00000000 ca:01 11175                      /usr/lib/python3/dist-packages/cryptography/hazmat/bindings/_openssl.abi3.so
7f3f0104b000-7f3f0124a000 ---p 000ca000 ca:01 11175                      /usr/lib/python3/dist-packages/cryptography/hazmat/bindings/_openssl.abi3.so
7f3f0124a000-7f3f01260000 r--p 000c9000 ca:01 11175                      /usr/lib/python3/dist-packages/cryptography/hazmat/bindings/_openssl.abi3.so
7f3f01260000-7f3f01268000 rw-p 000df000 ca:01 11175                      /usr/lib/python3/dist-packages/cryptography/hazmat/bindings/_openssl.abi3.so
7f3f01268000-7f3f012a8000 rw-p 00000000 00:00 0 
7f3f012a8000-7f3f012cb000 r-xp 00000000 ca:01 8205                       /usr/lib/python3/dist-packages/_cffi_backend.cpython-36m-x86_64-linux-gnu.so
7f3f012cb000-7f3f014cb000 ---p 00023000 ca:01 8205                       /usr/lib/python3/dist-packages/_cffi_backend.cpython-36m-x86_64-linux-gnu.so
7f3f014cb000-7f3f014cc000 r--p 00023000 ca:01 8205                       /usr/lib/python3/dist-packages/_cffi_backend.cpython-36m-x86_64-linux-gnu.so
7f3f014cc000-7f3f014d1000 rw-p 00024000 ca:01 8205                       /usr/lib/python3/dist-packages/_cffi_backend.cpython-36m-x86_64-linux-gnu.so
7f3f014d1000-7f3f014d4000 rw-p 00000000 00:00 0 
7f3f014d4000-7f3f014d5000 r-xp 00000000 ca:01 11174                      /usr/lib/python3/dist-packages/cryptography/hazmat/bindings/_constant_time.abi3.so
7f3f014d5000-7f3f016d5000 ---p 00001000 ca:01 11174                      /usr/lib/python3/dist-packages/cryptography/hazmat/bindings/_constant_time.abi3.so
7f3f016d5000-7f3f016d6000 r--p 00001000 ca:01 11174                      /usr/lib/python3/dist-packages/cryptography/hazmat/bindings/_constant_time.abi3.so
7f3f016d6000-7f3f016d7000 rw-p 00002000 ca:01 11174                      /usr/lib/python3/dist-packages/cryptography/hazmat/bindings/_constant_time.abi3.so
7f3f016d7000-7f3f018d7000 rw-p 00000000 00:00 0 
7f3f018d7000-7f3f0190e000 r-xp 00000000 ca:01 6261                       /usr/lib/x86_64-linux-gnu/libmpdec.so.2.4.2
7f3f0190e000-7f3f01b0d000 ---p 00037000 ca:01 6261                       /usr/lib/x86_64-linux-gnu/libmpdec.so.2.4.2
7f3f01b0d000-7f3f01b0e000 r--p 00036000 ca:01 6261                       /usr/lib/x86_64-linux-gnu/libmpdec.so.2.4.2
7f3f01b0e000-7f3f01b0f000 rw-p 00037000 ca:01 6261                       /usr/lib/x86_64-linux-gnu/libmpdec.so.2.4.2
7f3f01b0f000-7f3f01b32000 r-xp 00000000 ca:01 7167                       /usr/lib/python3.6/lib-dynload/_decimal.cpython-36m-x86_64-linux-gnu.so
7f3f01b32000-7f3f01d31000 ---p 00023000 ca:01 7167                       /usr/lib/python3.6/lib-dynload/_decimal.cpython-36m-x86_64-linux-gnu.so
7f3f01d31000-7f3f01d32000 r--p 00022000 ca:01 7167                       /usr/lib/python3.6/lib-dynload/_decimal.cpython-36m-x86_64-linux-gnu.so
7f3f01d32000-7f3f01d3b000 rw-p 00023000 ca:01 7167                       /usr/lib/python3.6/lib-dynload/_decimal.cpython-36m-x86_64-linux-gnu.so
7f3f01d3b000-7f3f01d7b000 rw-p 00000000 00:00 0 
7f3f01d7b000-7f3f01d7f000 r-xp 00000000 ca:01 7185                       /usr/lib/python3.6/lib-dynload/termios.cpython-36m-x86_64-linux-gnu.so
7f3f01d7f000-7f3f01f7e000 ---p 00004000 ca:01 7185                       /usr/lib/python3.6/lib-dynload/termios.cpython-36m-x86_64-linux-gnu.so
7f3f01f7e000-7f3f01f7f000 r--p 00003000 ca:01 7185                       /usr/lib/python3.6/lib-dynload/termios.cpython-36m-x86_64-linux-gnu.so
7f3f01f7f000-7f3f01f81000 rw-p 00004000 ca:01 7185                       /usr/lib/python3.6/lib-dynload/termios.cpython-36m-x86_64-linux-gnu.so
7f3f01f81000-7f3f02141000 rw-p 00000000 00:00 0 
7f3f02141000-7f3f02152000 r-xp 00000000 ca:01 7168                       /usr/lib/python3.6/lib-dynload/_json.cpython-36m-x86_64-linux-gnu.so
7f3f02152000-7f3f02352000 ---p 00011000 ca:01 7168                       /usr/lib/python3.6/lib-dynload/_json.cpython-36m-x86_64-linux-gnu.so
7f3f02352000-7f3f02353000 r--p 00011000 ca:01 7168                       /usr/lib/python3.6/lib-dynload/_json.cpython-36m-x86_64-linux-gnu.so
7f3f02353000-7f3f02354000 rw-p 00012000 ca:01 7168                       /usr/lib/python3.6/lib-dynload/_json.cpython-36m-x86_64-linux-gnu.so
7f3f02354000-7f3f023d4000 rw-p 00000000 00:00 0 
7f3f023d4000-7f3f023da000 r-xp 00000000 ca:01 2165                       /lib/x86_64-linux-gnu/libuuid.so.1.3.0
7f3f023da000-7f3f025d9000 ---p 00006000 ca:01 2165                       /lib/x86_64-linux-gnu/libuuid.so.1.3.0
7f3f025d9000-7f3f025da000 r--p 00005000 ca:01 2165                       /lib/x86_64-linux-gnu/libuuid.so.1.3.0
7f3f025da000-7f3f025db000 rw-p 00006000 ca:01 2165                       /lib/x86_64-linux-gnu/libuuid.so.1.3.0
7f3f025db000-7f3f025ff000 r-xp 00000000 ca:01 2103                       /lib/x86_64-linux-gnu/liblzma.so.5.2.2
7f3f025ff000-7f3f027ff000 ---p 00024000 ca:01 2103                       /lib/x86_64-linux-gnu/liblzma.so.5.2.2
7f3f027ff000-7f3f02800000 r--p 00024000 ca:01 2103                       /lib/x86_64-linux-gnu/liblzma.so.5.2.2
7f3f02800000-7f3f02801000 rw-p 00025000 ca:01 2103                       /lib/x86_64-linux-gnu/liblzma.so.5.2.2
7f3f02801000-7f3f02807000 r-xp 00000000 ca:01 7170                       /usr/lib/python3.6/lib-dynload/_lzma.cpython-36m-x86_64-linux-gnu.so
7f3f02807000-7f3f02a06000 ---p 00006000 ca:01 7170                       /usr/lib/python3.6/lib-dynload/_lzma.cpython-36m-x86_64-linux-gnu.so
7f3f02a06000-7f3f02a07000 r--p 00005000 ca:01 7170                       /usr/lib/python3.6/lib-dynload/_lzma.cpython-36m-x86_64-linux-gnu.so
7f3f02a07000-7f3f02a09000 rw-p 00006000 ca:01 7170                       /usr/lib/python3.6/lib-dynload/_lzma.cpython-36m-x86_64-linux-gnu.so
7f3f02a09000-7f3f02a18000 r-xp 00000000 ca:01 2097                       /lib/x86_64-linux-gnu/libbz2.so.1.0.4
7f3f02a18000-7f3f02c17000 ---p 0000f000 ca:01 2097                       /lib/x86_64-linux-gnu/libbz2.so.1.0.4
7f3f02c17000-7f3f02c18000 r--p 0000e000 ca:01 2097                       /lib/x86_64-linux-gnu/libbz2.so.1.0.4
7f3f02c18000-7f3f02c19000 rw-p 0000f000 ca:01 2097                       /lib/x86_64-linux-gnu/libbz2.so.1.0.4
7f3f02c19000-7f3f02c1d000 r-xp 00000000 ca:01 7153                       /usr/lib/python3.6/lib-dynload/_bz2.cpython-36m-x86_64-linux-gnu.so
7f3f02c1d000-7f3f02e1c000 ---p 00004000 ca:01 7153                       /usr/lib/python3.6/lib-dynload/_bz2.cpython-36m-x86_64-linux-gnu.so
7f3f02e1c000-7f3f02e1d000 r--p 00003000 ca:01 7153                       /usr/lib/python3.6/lib-dynload/_bz2.cpython-36m-x86_64-linux-gnu.so
7f3f02e1d000-7f3f02e1e000 rw-p 00004000 ca:01 7153                       /usr/lib/python3.6/lib-dynload/_bz2.cpython-36m-x86_64-linux-gnu.so
7f3f02e2f000-7f3f02eaf000 rw-p 00000000 00:00 0 
7f3f02eaf000-7f3f02eb6000 r-xp 00000000 ca:01 6217                       /usr/lib/x86_64-linux-gnu/libffi.so.6.0.4
7f3f02eb6000-7f3f030b5000 ---p 00007000 ca:01 6217                       /usr/lib/x86_64-linux-gnu/libffi.so.6.0.4
7f3f030b5000-7f3f030b6000 r--p 00006000 ca:01 6217                       /usr/lib/x86_64-linux-gnu/libffi.so.6.0.4
7f3f030b6000-7f3f030b7000 rw-p 00007000 ca:01 6217                       /usr/lib/x86_64-linux-gnu/libffi.so.6.0.4
7f3f030b7000-7f3f030d2000 r-xp 00000000 ca:01 7162                       /usr/lib/python3.6/lib-dynload/_ctypes.cpython-36m-x86_64-linux-gnu.so
7f3f030d2000-7f3f032d1000 ---p 0001b000 ca:01 7162                       /usr/lib/python3.6/lib-dynload/_ctypes.cpython-36m-x86_64-linux-gnu.so
7f3f032d1000-7f3f032d2000 r--p 0001a000 ca:01 7162                       /usr/lib/python3.6/lib-dynload/_ctypes.cpython-36m-x86_64-linux-gnu.so
7f3f032d2000-7f3f032d6000 rw-p 0001b000 ca:01 7162                       /usr/lib/python3.6/lib-dynload/_ctypes.cpython-36m-x86_64-linux-gnu.so
7f3f032d6000-7f3f03416000 rw-p 00000000 00:00 0 
7f3f03416000-7f3f03496000 r-xp 00000000 ca:01 6204                       /usr/lib/x86_64-linux-gnu/libssl.so.1.1
7f3f03496000-7f3f03696000 ---p 00080000 ca:01 6204                       /usr/lib/x86_64-linux-gnu/libssl.so.1.1
7f3f03696000-7f3f0369f000 r--p 00080000 ca:01 6204                       /usr/lib/x86_64-linux-gnu/libssl.so.1.1
7f3f0369f000-7f3f036a3000 rw-p 00089000 ca:01 6204                       /usr/lib/x86_64-linux-gnu/libssl.so.1.1
7f3f036a3000-7f3f036bb000 r-xp 00000000 ca:01 7151                       /usr/lib/python3.6/lib-dynload/_ssl.cpython-36m-x86_64-linux-gnu.so
7f3f036bb000-7f3f038ba000 ---p 00018000 ca:01 7151                       /usr/lib/python3.6/lib-dynload/_ssl.cpython-36m-x86_64-linux-gnu.so
7f3f038ba000-7f3f038bb000 r--p 00017000 ca:01 7151                       /usr/lib/python3.6/lib-dynload/_ssl.cpython-36m-x86_64-linux-gnu.so
7f3f038bb000-7f3f038c0000 rw-p 00018000 ca:01 7151                       /usr/lib/python3.6/lib-dynload/_ssl.cpython-36m-x86_64-linux-gnu.so
7f3f038c0000-7f3f03940000 rw-p 00000000 00:00 0 
7f3f03940000-7f3f03bdb000 r-xp 00000000 ca:01 6203                       /usr/lib/x86_64-linux-gnu/libcrypto.so.1.1
7f3f03bdb000-7f3f03dda000 ---p 0029b000 ca:01 6203                       /usr/lib/x86_64-linux-gnu/libcrypto.so.1.1
7f3f03dda000-7f3f03e06000 r--p 0029a000 ca:01 6203                       /usr/lib/x86_64-linux-gnu/libcrypto.so.1.1
7f3f03e06000-7f3f03e08000 rw-p 002c6000 ca:01 6203                       /usr/lib/x86_64-linux-gnu/libcrypto.so.1.1
7f3f03e08000-7f3f03e0b000 rw-p 00000000 00:00 0 
7f3f03e0b000-7f3f03e11000 r-xp 00000000 ca:01 7149                       /usr/lib/python3.6/lib-dynload/_hashlib.cpython-36m-x86_64-linux-gnu.so
7f3f03e11000-7f3f04010000 ---p 00006000 ca:01 7149                       /usr/lib/python3.6/lib-dynload/_hashlib.cpython-36m-x86_64-linux-gnu.so
7f3f04010000-7f3f04011000 r--p 00005000 ca:01 7149                       /usr/lib/python3.6/lib-dynload/_hashlib.cpython-36m-x86_64-linux-gnu.so
7f3f04011000-7f3f04012000 rw-p 00006000 ca:01 7149                       /usr/lib/python3.6/lib-dynload/_hashlib.cpython-36m-x86_64-linux-gnu.so
7f3f04012000-7f3f04052000 rw-p 00000000 00:00 0 
7f3f04052000-7f3f04053000 r-xp 00000000 ca:01 7150                       /usr/lib/python3.6/lib-dynload/_opcode.cpython-36m-x86_64-linux-gnu.so
7f3f04053000-7f3f04252000 ---p 00001000 ca:01 7150                       /usr/lib/python3.6/lib-dynload/_opcode.cpython-36m-x86_64-linux-gnu.so
7f3f04252000-7f3f04253000 r--p 00000000 ca:01 7150                       /usr/lib/python3.6/lib-dynload/_opcode.cpython-36m-x86_64-linux-gnu.so
7f3f04253000-7f3f04254000 rw-p 00001000 ca:01 7150                       /usr/lib/python3.6/lib-dynload/_opcode.cpython-36m-x86_64-linux-gnu.so
7f3f04254000-7f3f04314000 rw-p 00000000 00:00 0 
7f3f0431d000-7f3f0451d000 rw-p 00000000 00:00 0 
7f3f04542000-7f3f04682000 rw-p 00000000 00:00 0 
7f3f04682000-7f3f047f5000 r--p 00000000 ca:01 7808                       /usr/lib/locale/C.UTF-8/LC_COLLATE
7f3f047f5000-7f3f04992000 r-xp 00000000 ca:01 2087                       /lib/x86_64-linux-gnu/libm-2.27.so
7f3f04992000-7f3f04b91000 ---p 0019d000 ca:01 2087                       /lib/x86_64-linux-gnu/libm-2.27.so
7f3f04b91000-7f3f04b92000 r--p 0019c000 ca:01 2087                       /lib/x86_64-linux-gnu/libm-2.27.so
7f3f04b92000-7f3f04b93000 rw-p 0019d000 ca:01 2087                       /lib/x86_64-linux-gnu/libm-2.27.so
7f3f04b93000-7f3f04baf000 r-xp 00000000 ca:01 2183                       /lib/x86_64-linux-gnu/libz.so.1.2.11
7f3f04baf000-7f3f04dae000 ---p 0001c000 ca:01 2183                       /lib/x86_64-linux-gnu/libz.so.1.2.11
7f3f04dae000-7f3f04daf000 r--p 0001b000 ca:01 2183                       /lib/x86_64-linux-gnu/libz.so.1.2.11
7f3f04daf000-7f3f04db0000 rw-p 0001c000 ca:01 2183                       /lib/x86_64-linux-gnu/libz.so.1.2.11
7f3f04db0000-7f3f04ddf000 r-xp 00000000 ca:01 2202                       /lib/x86_64-linux-gnu/libexpat.so.1.6.7
7f3f04ddf000-7f3f04fdf000 ---p 0002f000 ca:01 2202                       /lib/x86_64-linux-gnu/libexpat.so.1.6.7
7f3f04fdf000-7f3f04fe1000 r--p 0002f000 ca:01 2202                       /lib/x86_64-linux-gnu/libexpat.so.1.6.7
7f3f04fe1000-7f3f04fe2000 rw-p 00031000 ca:01 2202                       /lib/x86_64-linux-gnu/libexpat.so.1.6.7
7f3f04fe2000-7f3f04fe4000 r-xp 00000000 ca:01 2182                       /lib/x86_64-linux-gnu/libutil-2.27.so
7f3f04fe4000-7f3f051e3000 ---p 00002000 ca:01 2182                       /lib/x86_64-linux-gnu/libutil-2.27.so
7f3f051e3000-7f3f051e4000 r--p 00001000 ca:01 2182                       /lib/x86_64-linux-gnu/libutil-2.27.so
7f3f051e4000-7f3f051e5000 rw-p 00002000 ca:01 2182                       /lib/x86_64-linux-gnu/libutil-2.27.so
7f3f051e5000-7f3f051e8000 r-xp 00000000 ca:01 2086                       /lib/x86_64-linux-gnu/libdl-2.27.so
7f3f051e8000-7f3f053e7000 ---p 00003000 ca:01 2086                       /lib/x86_64-linux-gnu/libdl-2.27.so
7f3f053e7000-7f3f053e8000 r--p 00002000 ca:01 2086                       /lib/x86_64-linux-gnu/libdl-2.27.so
7f3f053e8000-7f3f053e9000 rw-p 00003000 ca:01 2086                       /lib/x86_64-linux-gnu/libdl-2.27.so
7f3f053e9000-7f3f05403000 r-xp 00000000 ca:01 2178                       /lib/x86_64-linux-gnu/libpthread-2.27.so
7f3f05403000-7f3f05602000 ---p 0001a000 ca:01 2178                       /lib/x86_64-linux-gnu/libpthread-2.27.so
7f3f05602000-7f3f05603000 r--p 00019000 ca:01 2178                       /lib/x86_64-linux-gnu/libpthread-2.27.so
7f3f05603000-7f3f05604000 rw-p 0001a000 ca:01 2178                       /lib/x86_64-linux-gnu/libpthread-2.27.so
7f3f05604000-7f3f05608000 rw-p 00000000 00:00 0 
7f3f05608000-7f3f057ef000 r-xp 00000000 ca:01 2083                       /lib/x86_64-linux-gnu/libc-2.27.so
7f3f057ef000-7f3f059ef000 ---p 001e7000 ca:01 2083                       /lib/x86_64-linux-gnu/libc-2.27.so
7f3f059ef000-7f3f059f3000 r--p 001e7000 ca:01 2083                       /lib/x86_64-linux-gnu/libc-2.27.so
7f3f059f3000-7f3f059f5000 rw-p 001eb000 ca:01 2083                       /lib/x86_64-linux-gnu/libc-2.27.so
7f3f059f5000-7f3f059f9000 rw-p 00000000 00:00 0 
7f3f059f9000-7f3f05a20000 r-xp 00000000 ca:01 2079                       /lib/x86_64-linux-gnu/ld-2.27.so
7f3f05a23000-7f3f05a28000 rw-p 00000000 00:00 0 
7f3f05a28000-7f3f05a2f000 ---p 00000000 00:00 0 
7f3f05a2f000-7f3f05a31000 r--s 00007000 ca:01 58870                      /usr/share/java/java-atk-wrapper.jar
7f3f05a31000-7f3f05a39000 rw-s 00000000 ca:01 284036                     /tmp/hsperfdata_ubuntu/20932
7f3f05a39000-7f3f05a3a000 ---p 00000000 00:00 0 
7f3f05a3a000-7f3f05a3b000 r--p 00000000 00:00 0 
7f3f05a3b000-7f3f05a3c000 rwxp 00000000 00:00 0 
7f3f05a3c000-7f3f05a6d000 r--p 00000000 ca:01 7809                       /usr/lib/locale/C.UTF-8/LC_CTYPE
7f3f05a6d000-7f3f05a6e000 r--p 00000000 ca:01 7814                       /usr/lib/locale/C.UTF-8/LC_NUMERIC
7f3f05a6e000-7f3f05a6f000 r--p 00000000 ca:01 7817                       /usr/lib/locale/C.UTF-8/LC_TIME
7f3f05a6f000-7f3f05a70000 r--p 00000000 ca:01 7812                       /usr/lib/locale/C.UTF-8/LC_MONETARY
7f3f05a70000-7f3f05a71000 r--p 00000000 ca:01 7806                       /usr/lib/locale/C.UTF-8/LC_MESSAGES/SYS_LC_MESSAGES
7f3f05a71000-7f3f05a72000 r--p 00000000 ca:01 7815                       /usr/lib/locale/C.UTF-8/LC_PAPER
7f3f05a72000-7f3f05a73000 r--p 00000000 ca:01 7813                       /usr/lib/locale/C.UTF-8/LC_NAME
7f3f05a73000-7f3f05a74000 r--p 00000000 ca:01 7807                       /usr/lib/locale/C.UTF-8/LC_ADDRESS
7f3f05a74000-7f3f05a75000 r--p 00000000 ca:01 7816                       /usr/lib/locale/C.UTF-8/LC_TELEPHONE
7f3f05a75000-7f3f05a76000 r--p 00000000 ca:01 7811                       /usr/lib/locale/C.UTF-8/LC_MEASUREMENT
7f3f05a76000-7f3f05c11000 r--p 00000000 ca:01 7803                       /usr/lib/locale/locale-archive
7f3f05c11000-7f3f05c18000 rw-p 00000000 00:00 0 
7f3f05c18000-7f3f05c1f000 r--s 00000000 ca:01 5017                       /usr/lib/x86_64-linux-gnu/gconv/gconv-modules.cache
7f3f05c1f000-7f3f05c20000 r--p 00000000 ca:01 7810                       /usr/lib/locale/C.UTF-8/LC_IDENTIFICATION
7f3f05c20000-7f3f05c21000 r--p 00027000 ca:01 2079                       /lib/x86_64-linux-gnu/ld-2.27.so
7f3f05c21000-7f3f05c22000 rw-p 00028000 ca:01 2079                       /lib/x86_64-linux-gnu/ld-2.27.so
7f3f05c22000-7f3f05c23000 rw-p 00000000 00:00 0 
7ffe97285000-7ffe97289000 ---p 00000000 00:00 0 
7ffe97289000-7ffe97385000 rw-p 00000000 00:00 0                          [stack]
7ffe973bc000-7ffe973bf000 r--p 00000000 00:00 0                          [vvar]
7ffe973bf000-7ffe973c1000 r-xp 00000000 00:00 0                          [vdso]
ffffffffff600000-ffffffffff601000 r-xp 00000000 00:00 0                  [vsyscall]


VM Arguments:
jvm_args: -Dfile.encoding=UTF8 -ea -Xmx1024m 
java_command: <unknown>
java_class_path (initial): /home/ubuntu/.local/lib/python3.6/site-packages/konlpy/java:/home/ubuntu/.local/lib/python3.6/site-packages/konlpy/java/bin:/home/ubuntu/.local/lib/python3.6/site-packages/konlpy/java/*:/home/ubuntu/.local/lib/python3.6/site-packages/konlpy/java/jhannanum-0.8.4.jar:/home/ubuntu/.local/lib/python3.6/site-packages/konlpy/java/kkma-2.0.jar:/home/ubuntu/.local/lib/python3.6/site-packages/konlpy/java/aho-corasick.jar:/home/ubuntu/.local/lib/python3.6/site-packages/konlpy/java/shineware-common-1.0.jar:/home/ubuntu/.local/lib/python3.6/site-packages/konlpy/java/shineware-ds-1.0.jar:/home/ubuntu/.local/lib/python3.6/site-packages/konlpy/java/komoran-3.0.jar:/home/ubuntu/.local/lib/python3.6/site-packages/konlpy/java/snakeyaml-1.12.jar:/home/ubuntu/.local/lib/python3.6/site-packages/konlpy/java/scala-library-2.12.3.jar:/home/ubuntu/.local/lib/python3.6/site-packages/konlpy/java/open-korean-text-2.1.0.jar:/home/ubuntu/.local/lib/python3.6/site-packages/konlpy/java/twitter-text-1.14.7.jar:/home/ubuntu/.local/lib/python3.6/site-packages/konlpy/java/*
Launcher Type: generic

[Global flags]
     intx CICompilerCount                          = 2                                         {product} {ergonomic}
   size_t InitialHeapSize                          = 16777216                                  {product} {ergonomic}
   size_t MaxHeapSize                              = 1073741824                                {product} {command line}
   size_t MaxNewSize                               = 357892096                                 {product} {ergonomic}
   size_t MinHeapDeltaBytes                        = 196608                                    {product} {ergonomic}
   size_t NewSize                                  = 5570560                                   {product} {ergonomic}
    uintx NonNMethodCodeHeapSize                   = 5824844                                {pd product} {ergonomic}
    uintx NonProfiledCodeHeapSize                  = 122916698                              {pd product} {ergonomic}
   size_t OldSize                                  = 11206656                                  {product} {ergonomic}
    uintx ProfiledCodeHeapSize                     = 122916698                              {pd product} {ergonomic}
    uintx ReservedCodeCacheSize                    = 251658240                              {pd product} {ergonomic}
     bool SegmentedCodeCache                       = true                                      {product} {ergonomic}
     bool UseCompressedClassPointers               = true                                 {lp64_product} {ergonomic}
     bool UseCompressedOops                        = true                                 {lp64_product} {ergonomic}
     bool UseSerialGC                              = true                                      {product} {ergonomic}

Logging:
Log output configuration:
 #0: stdout all=warning uptime,level,tags
 #1: stderr all=off uptime,level,tags

Environment Variables:
PATH=/home/ubuntu/.local/bin:/usr/local/sbin:/usr/local/bin:/usr/sbin:/usr/bin:/sbin:/bin:/usr/games:/usr/local/games:/snap/bin
SHELL=/bin/bash

Signal Handlers:
SIGSEGV: [libjvm.so+0xde5f50], sa_mask[0]=11111111011111111101111111111110, sa_flags=SA_RESTART|SA_SIGINFO
SIGBUS: [libjvm.so+0xde5f50], sa_mask[0]=11111111011111111101111111111110, sa_flags=SA_RESTART|SA_SIGINFO
SIGFPE: [libjvm.so+0xde5f50], sa_mask[0]=11111111011111111101111111111110, sa_flags=SA_RESTART|SA_SIGINFO
SIGPIPE: [libjvm.so+0xbba5b0], sa_mask[0]=11111111011111111101111111111110, sa_flags=SA_RESTART|SA_SIGINFO
SIGXFSZ: [libjvm.so+0xbba5b0], sa_mask[0]=11111111011111111101111111111110, sa_flags=SA_RESTART|SA_SIGINFO
SIGILL: [libjvm.so+0xde5f50], sa_mask[0]=11111111011111111101111111111110, sa_flags=SA_RESTART|SA_SIGINFO
SIGUSR2: [libjvm.so+0xbba450], sa_mask[0]=00000000000000000000000000000000, sa_flags=SA_RESTART|SA_SIGINFO
SIGHUP: [libjvm.so+0xbba7b0], sa_mask[0]=11111111011111111101111111111110, sa_flags=SA_RESTART|SA_SIGINFO
SIGINT: [libjvm.so+0xbba7b0], sa_mask[0]=11111111011111111101111111111110, sa_flags=SA_RESTART|SA_SIGINFO
SIGTERM: [libjvm.so+0xbba7b0], sa_mask[0]=11111111011111111101111111111110, sa_flags=SA_RESTART|SA_SIGINFO
SIGQUIT: [libjvm.so+0xbba7b0], sa_mask[0]=11111111011111111101111111111110, sa_flags=SA_RESTART|SA_SIGINFO


---------------  S Y S T E M  ---------------

OS:DISTRIB_ID=Ubuntu
DISTRIB_RELEASE=18.04
DISTRIB_CODENAME=bionic
DISTRIB_DESCRIPTION="Ubuntu 18.04.2 LTS"
uname:Linux 4.15.0-1044-aws #46-Ubuntu SMP Thu Jul 4 13:38:28 UTC 2019 x86_64
libc:glibc 2.27 NPTL 2.27 
rlimit: STACK 8192k, CORE 0k, NPROC 3841, NOFILE 1048576, AS infinity, DATA infinity, FSIZE infinity
load average:0.36 0.08 0.03

/proc/meminfo:
MemTotal:        1007520 kB
MemFree:           73752 kB
MemAvailable:      90648 kB
Buffers:           15104 kB
Cached:           115436 kB
SwapCached:            0 kB
Active:           795220 kB
Inactive:          51636 kB
Active(anon):     716940 kB
Inactive(anon):      156 kB
Active(file):      78280 kB
Inactive(file):    51480 kB
Unevictable:           0 kB
Mlocked:               0 kB
SwapTotal:             0 kB
SwapFree:              0 kB
Dirty:                48 kB
Writeback:             0 kB
AnonPages:        716332 kB
Mapped:            60704 kB
Shmem:               764 kB
Slab:              59636 kB
SReclaimable:      29592 kB
SUnreclaim:        30044 kB
KernelStack:        2352 kB
PageTables:         5596 kB
NFS_Unstable:          0 kB
Bounce:                0 kB
WritebackTmp:          0 kB
CommitLimit:      503760 kB
Committed_AS:    1126300 kB
VmallocTotal:   34359738367 kB
VmallocUsed:           0 kB
VmallocChunk:          0 kB
HardwareCorrupted:     0 kB
AnonHugePages:         0 kB
ShmemHugePages:        0 kB
ShmemPmdMapped:        0 kB
CmaTotal:              0 kB
CmaFree:               0 kB
HugePages_Total:       0
HugePages_Free:        0
HugePages_Rsvd:        0
HugePages_Surp:        0
Hugepagesize:       2048 kB
DirectMap4k:       77824 kB
DirectMap2M:      970752 kB


/proc/sys/kernel/threads-max (system-wide limit on the number of threads):
7682


/proc/sys/vm/max_map_count (maximum number of memory map areas a process may have):
65530


/proc/sys/kernel/pid_max (system-wide limit on number of process identifiers):
32768



container (cgroup) information:
container_type: cgroupv1
cpu_cpuset_cpus: 0
cpu_memory_nodes: 0
active_processor_count: 1
cpu_quota: -1
cpu_period: 100000
cpu_shares: -1
memory_limit_in_bytes: -1
memory_and_swap_limit_in_bytes: -2
memory_soft_limit_in_bytes: -1
memory_usage_in_bytes: 780058624
memory_max_usage_in_bytes: 782450688

Steal ticks since vm start: 0
Steal ticks percentage since vm start:  0.000

CPU:total 1 (initial active 1) (1 cores per cpu, 1 threads per core) family 6 model 63 stepping 2, cmov, cx8, fxsr, mmx, sse, sse2, sse3, ssse3, sse4.1, sse4.2, popcnt, avx, avx2, aes, clmul, erms, lzcnt, tsc, bmi1, bmi2, fma
CPU Model and flags from /proc/cpuinfo:
model name	: Intel(R) Xeon(R) CPU E5-2676 v3 @ 2.40GHz
flags		: fpu vme de pse tsc msr pae mce cx8 apic sep mtrr pge mca cmov pat pse36 clflush mmx fxsr sse sse2 ht syscall nx rdtscp lm constant_tsc rep_good nopl xtopology cpuid pni pclmulqdq ssse3 fma cx16 pcid sse4_1 sse4_2 x2apic movbe popcnt tsc_deadline_timer aes xsave avx f16c rdrand hypervisor lahf_lm abm cpuid_fault invpcid_single pti fsgsbase bmi1 avx2 smep bmi2 erms invpcid xsaveopt

Memory: 4k page, physical 1007520k(73628k free), swap 0k(0k free)

vm_info: OpenJDK 64-Bit Server VM (11.0.4+11-post-Ubuntu-1ubuntu218.04.3) for linux-amd64 JRE (11.0.4+11-post-Ubuntu-1ubuntu218.04.3), built on Jul 18 2019 18:21:46 by "buildd" with gcc 7.4.0

END.
